# JRE version: OpenJDK Runtime Environment (24.0+36) (build 24+36-3646)
# Java VM: OpenJDK 64-Bit Server VM (24+36-3646, mixed mode, emulated-client, sharing, tiered, compressed oops, compressed class ptrs, g1 gc, windows-amd64)
GC Precious Log:
 CardTable entry size: 512
 Card Set container configuration: InlinePtr #cards 5 size 8 Array Of Cards #cards 10 size 36 Howl #buckets 4 coarsen threshold 1843 Howl Bitmap #cards 512 size 80 coarsen threshold 460 Card regions per heap region 1 cards per card region 2048
 CPUs: 4 total, 4 available
 Memory: 3911M
 Large Page Support: Disabled
 NUMA Support: Disabled
 Compressed Oops: Enabled (32-bit)
 Heap Region Size: 1M
 Heap Min Capacity: 8M
 Heap Initial Capacity: 62M
 Heap Max Capacity: 978M
 Pre-touch: Disabled
 Parallel Workers: 4
 Concurrent Workers: 1
 Concurrent Refinement Workers: 4
 Periodic GC: Disabled
Heap:
 garbage-first heap   total reserved 1001472K, committed 58368K, used 43642K [0x00000000c2e00000, 0x0000000100000000)
  region size 1024K, 15 young (15360K), 2 survivors (2048K)
 Metaspace       used 65441K, committed 66048K, reserved 1114112K
  class space    used 7469K, committed 7680K, reserved 1048576K
GC Heap History (20 events):
Event: 23.834 GC heap before
{Heap before GC invocations=5 (full 0):
 garbage-first heap   total reserved 1001472K, committed 58368K, used 45748K [0x00000000c2e00000, 0x0000000100000000)
  region size 1024K, 34 young (34816K), 5 survivors (5120K)
 Metaspace       used 24479K, committed 24832K, reserved 1114112K
  class space    used 2693K, committed 2816K, reserved 1048576K
}
Event: 23.877 GC heap after
{Heap after GC invocations=6 (full 0):
 garbage-first heap   total reserved 1001472K, committed 58368K, used 17669K [0x00000000c2e00000, 0x0000000100000000)
  region size 1024K, 4 young (4096K), 4 survivors (4096K)
 Metaspace       used 24479K, committed 24832K, reserved 1114112K
  class space    used 2693K, committed 2816K, reserved 1048576K
}
Event: 27.752 GC heap before
{Heap before GC invocations=6 (full 0):
 garbage-first heap   total reserved 1001472K, committed 58368K, used 43269K [0x00000000c2e00000, 0x0000000100000000)
  region size 1024K, 29 young (29696K), 4 survivors (4096K)
 Metaspace       used 28091K, committed 28544K, reserved 1114112K
  class space    used 3183K, committed 3392K, reserved 1048576K
}
Event: 27.782 GC heap after
{Heap after GC invocations=7 (full 0):
 garbage-first heap   total reserved 1001472K, committed 58368K, used 20068K [0x00000000c2e00000, 0x0000000100000000)
  region size 1024K, 3 young (3072K), 3 survivors (3072K)
 Metaspace       used 28091K, committed 28544K, reserved 1114112K
  class space    used 3183K, committed 3392K, reserved 1048576K
}
Event: 30.913 GC heap before
{Heap before GC invocations=7 (full 0):
 garbage-first heap   total reserved 1001472K, committed 58368K, used 45668K [0x00000000c2e00000, 0x0000000100000000)
  region size 1024K, 28 young (28672K), 3 survivors (3072K)
 Metaspace       used 33547K, committed 34048K, reserved 1114112K
  class space    used 3752K, committed 3968K, reserved 1048576K
}
Event: 30.929 GC heap after
{Heap after GC invocations=8 (full 0):
 garbage-first heap   total reserved 1001472K, committed 58368K, used 22269K [0x00000000c2e00000, 0x0000000100000000)
  region size 1024K, 3 young (3072K), 3 survivors (3072K)
 Metaspace       used 33547K, committed 34048K, reserved 1114112K
  class space    used 3752K, committed 3968K, reserved 1048576K
}
Event: 31.674 GC heap before
{Heap before GC invocations=8 (full 0):
 garbage-first heap   total reserved 1001472K, committed 58368K, used 30461K [0x00000000c2e00000, 0x0000000100000000)
  region size 1024K, 12 young (12288K), 3 survivors (3072K)
 Metaspace       used 35525K, committed 35968K, reserved 1114112K
  class space    used 3978K, committed 4160K, reserved 1048576K
}
Event: 31.683 GC heap after
{Heap after GC invocations=9 (full 0):
 garbage-first heap   total reserved 1001472K, committed 58368K, used 22431K [0x00000000c2e00000, 0x0000000100000000)
  region size 1024K, 3 young (3072K), 3 survivors (3072K)
 Metaspace       used 35525K, committed 35968K, reserved 1114112K
  class space    used 3978K, committed 4160K, reserved 1048576K
}
Event: 37.650 GC heap before
{Heap before GC invocations=10 (full 0):
 garbage-first heap   total reserved 1001472K, committed 58368K, used 47007K [0x00000000c2e00000, 0x0000000100000000)
  region size 1024K, 28 young (28672K), 3 survivors (3072K)
 Metaspace       used 43088K, committed 43584K, reserved 1114112K
  class space    used 4793K, committed 4992K, reserved 1048576K
}
Event: 37.658 GC heap after
{Heap after GC invocations=11 (full 0):
 garbage-first heap   total reserved 1001472K, committed 58368K, used 24751K [0x00000000c2e00000, 0x0000000100000000)
  region size 1024K, 3 young (3072K), 3 survivors (3072K)
 Metaspace       used 43088K, committed 43584K, reserved 1114112K
  class space    used 4793K, committed 4992K, reserved 1048576K
}
Event: 39.713 GC heap before
{Heap before GC invocations=11 (full 0):
 garbage-first heap   total reserved 1001472K, committed 58368K, used 48303K [0x00000000c2e00000, 0x0000000100000000)
  region size 1024K, 27 young (27648K), 3 survivors (3072K)
 Metaspace       used 50998K, committed 51584K, reserved 1114112K
  class space    used 5565K, committed 5824K, reserved 1048576K
}
Event: 39.730 GC heap after
{Heap after GC invocations=12 (full 0):
 garbage-first heap   total reserved 1001472K, committed 58368K, used 25326K [0x00000000c2e00000, 0x0000000100000000)
  region size 1024K, 4 young (4096K), 4 survivors (4096K)
 Metaspace       used 50998K, committed 51584K, reserved 1114112K
  class space    used 5565K, committed 5824K, reserved 1048576K
}
Event: 42.928 GC heap before
{Heap before GC invocations=12 (full 0):
 garbage-first heap   total reserved 1001472K, committed 58368K, used 48878K [0x00000000c2e00000, 0x0000000100000000)
  region size 1024K, 27 young (27648K), 4 survivors (4096K)
 Metaspace       used 56660K, committed 57280K, reserved 1114112K
  class space    used 6327K, committed 6592K, reserved 1048576K
}
Event: 42.945 GC heap after
{Heap after GC invocations=13 (full 0):
 garbage-first heap   total reserved 1001472K, committed 58368K, used 26744K [0x00000000c2e00000, 0x0000000100000000)
  region size 1024K, 3 young (3072K), 3 survivors (3072K)
 Metaspace       used 56660K, committed 57280K, reserved 1114112K
  class space    used 6327K, committed 6592K, reserved 1048576K
}
Event: 45.398 GC heap before
{Heap before GC invocations=13 (full 0):
 garbage-first heap   total reserved 1001472K, committed 58368K, used 45176K [0x00000000c2e00000, 0x0000000100000000)
  region size 1024K, 22 young (22528K), 3 survivors (3072K)
 Metaspace       used 59855K, committed 60416K, reserved 1114112K
  class space    used 6654K, committed 6912K, reserved 1048576K
}
Event: 45.412 GC heap after
{Heap after GC invocations=14 (full 0):
 garbage-first heap   total reserved 1001472K, committed 58368K, used 28019K [0x00000000c2e00000, 0x0000000100000000)
  region size 1024K, 3 young (3072K), 3 survivors (3072K)
 Metaspace       used 59855K, committed 60416K, reserved 1114112K
  class space    used 6654K, committed 6912K, reserved 1048576K
}
Event: 50.452 GC heap before
{Heap before GC invocations=15 (full 0):
 garbage-first heap   total reserved 1001472K, committed 58368K, used 50547K [0x00000000c2e00000, 0x0000000100000000)
  region size 1024K, 25 young (25600K), 3 survivors (3072K)
 Metaspace       used 62035K, committed 62592K, reserved 1114112K
  class space    used 7002K, committed 7232K, reserved 1048576K
}
Event: 50.470 GC heap after
{Heap after GC invocations=16 (full 0):
 garbage-first heap   total reserved 1001472K, committed 58368K, used 30316K [0x00000000c2e00000, 0x0000000100000000)
  region size 1024K, 4 young (4096K), 4 survivors (4096K)
 Metaspace       used 62035K, committed 62592K, reserved 1114112K
  class space    used 7002K, committed 7232K, reserved 1048576K
}
Event: 52.303 GC heap before
{Heap before GC invocations=16 (full 0):
 garbage-first heap   total reserved 1001472K, committed 58368K, used 48748K [0x00000000c2e00000, 0x0000000100000000)
  region size 1024K, 22 young (22528K), 4 survivors (4096K)
 Metaspace       used 64372K, committed 64960K, reserved 1114112K
  class space    used 7321K, committed 7552K, reserved 1048576K
}
Event: 52.327 GC heap after
{Heap after GC invocations=17 (full 0):
 garbage-first heap   total reserved 1001472K, committed 58368K, used 31354K [0x00000000c2e00000, 0x0000000100000000)
  region size 1024K, 2 young (2048K), 2 survivors (2048K)
 Metaspace       used 64372K, committed 64960K, reserved 1114112K
  class space    used 7321K, committed 7552K, reserved 1048576K
}

